<?xml version="1.0" encoding="UTF-8"?>
<testng-results ignored="0" total="1" passed="1" failed="0" skipped="0">
  <reporter-output>
  </reporter-output>
  <suite started-at="2025-07-25T15:43:47 IST" name="Default suite" finished-at="2025-07-25T15:43:51 IST" duration-ms="4218">
    <groups>
    </groups>
    <test started-at="2025-07-25T15:43:47 IST" name="Default test" finished-at="2025-07-25T15:43:51 IST" duration-ms="4218">
      <class name="dropdown.DropDown">
        <test-method signature="Test()[pri:0, instance:dropdown.DropDown@1bb5a082]" started-at="2025-07-25T15:43:47 IST" name="Test" finished-at="2025-07-25T15:43:51 IST" duration-ms="4191" status="PASS">
          <reporter-output>
          </reporter-output>
        </test-method> <!-- Test -->
      </class> <!-- dropdown.DropDown -->
    </test> <!-- Default test -->
  </suite> <!-- Default suite -->
</testng-results>
