<?xml version="1.0" encoding="UTF-8"?>
<testng-results ignored="0" total="1" passed="1" failed="0" skipped="0">
  <reporter-output>
  </reporter-output>
  <suite started-at="2025-07-25T17:19:51 IST" name="Default suite" finished-at="2025-07-25T17:19:58 IST" duration-ms="6301">
    <groups>
    </groups>
    <test started-at="2025-07-25T17:19:51 IST" name="Default test" finished-at="2025-07-25T17:19:58 IST" duration-ms="6301">
      <class name="alerts.TestPopups">
        <test-method signature="Popup()[pri:0, instance:alerts.TestPopups@1bb5a082]" started-at="2025-07-25T17:19:51 IST" name="Popup" finished-at="2025-07-25T17:19:58 IST" duration-ms="6265" status="PASS">
          <reporter-output>
          </reporter-output>
        </test-method> <!-- Popup -->
      </class> <!-- alerts.TestPopups -->
    </test> <!-- Default test -->
  </suite> <!-- Default suite -->
</testng-results>
