<?xml version="1.0" encoding="UTF-8"?>
<testng-results ignored="0" total="1" passed="1" failed="0" skipped="0">
  <reporter-output>
  </reporter-output>
  <suite started-at="2025-07-25T14:59:32 IST" name="Default suite" finished-at="2025-07-25T14:59:51 IST" duration-ms="18133">
    <groups>
    </groups>
    <test started-at="2025-07-25T14:59:32 IST" name="Default test" finished-at="2025-07-25T14:59:51 IST" duration-ms="18133">
      <class name="locators.LinkText">
        <test-method is-config="true" signature="linkTest()[pri:0, instance:locators.LinkText@302552ec]" started-at="2025-07-25T14:59:32 IST" name="linkTest" finished-at="2025-07-25T14:59:37 IST" duration-ms="4435" status="PASS">
          <reporter-output>
          </reporter-output>
        </test-method> <!-- linkTest -->
        <test-method signature="Test()[pri:0, instance:locators.LinkText@302552ec]" started-at="2025-07-25T14:59:37 IST" name="Test" finished-at="2025-07-25T14:59:51 IST" duration-ms="13673" status="PASS">
          <reporter-output>
          </reporter-output>
        </test-method> <!-- Test -->
      </class> <!-- locators.LinkText -->
    </test> <!-- Default test -->
  </suite> <!-- Default suite -->
</testng-results>
